生成启动时间为 2015-12-08 PM 04:33:26。
     1>项目“C:\Users\li\Desktop\CN\asg\3\cls_pro\cls_pro\cls_pro.vcxproj”在节点 2 上(build 个目标)。
     1>InitializeBuildStatus:
         正在创建“Debug\cls_pro.unsuccessfulbuild”，因为已指定“AlwaysCreate”。
       ClCompile:
         所有输出均为最新。
         C:\Program Files (x86)\Microsoft Visual Studio 10.0\VC\bin\CL.exe /c /ZI /nologo /W3 /WX- /Od /Oy- /D WIN32 /D _DEBUG /D _CONSOLE /D _UNICODE /D UNICODE /Gm /EHsc /RTC1 /MDd /GS /fp:precise /Zc:wchar_t /Zc:forScope /Yu"StdAfx.h" /Fp"Debug\cls_pro.pch" /Fo"Debug\\" /Fd"Debug\vc100.pdb" /Gd /TP /analyze- /errorReport:prompt cls_pro.cpp
         cls_pro.cpp
     1>c:\users\li\desktop\cn\asg\3\cls_pro\cls_pro\cls_pro.cpp(65): warning C4091: “typedef ”: 没有声明变量时忽略“IP_Header”的左侧
     1>c:\users\li\desktop\cn\asg\3\cls_pro\cls_pro\cls_pro.cpp(419): warning C4996: 'strcpy': This function or variable may be unsafe. Consider using strcpy_s instead. To disable deprecation, use _CRT_SECURE_NO_WARNINGS. See online help for details.
                 c:\program files (x86)\microsoft visual studio 10.0\vc\include\string.h(105) : 参见“strcpy”的声明
     1>c:\users\li\desktop\cn\asg\3\cls_pro\cls_pro\cls_pro.cpp(469): warning C4996: 'strcpy': This function or variable may be unsafe. Consider using strcpy_s instead. To disable deprecation, use _CRT_SECURE_NO_WARNINGS. See online help for details.
                 c:\program files (x86)\microsoft visual studio 10.0\vc\include\string.h(105) : 参见“strcpy”的声明
     1>c:\users\li\desktop\cn\asg\3\cls_pro\cls_pro\cls_pro.cpp(520): warning C4996: 'strcpy': This function or variable may be unsafe. Consider using strcpy_s instead. To disable deprecation, use _CRT_SECURE_NO_WARNINGS. See online help for details.
                 c:\program files (x86)\microsoft visual studio 10.0\vc\include\string.h(105) : 参见“strcpy”的声明
     1>c:\users\li\desktop\cn\asg\3\cls_pro\cls_pro\cls_pro.cpp(281): warning C4715: “send5”: 不是所有的控件路径都返回值
       ManifestResourceCompile:
         所有输出均为最新。
       Link:
         C:\Program Files (x86)\Microsoft Visual Studio 10.0\VC\bin\link.exe /ERRORREPORT:PROMPT /OUT:"C:\Users\li\Desktop\CN\asg\3\cls_pro\Debug\cls_pro.exe" /INCREMENTAL /NOLOGO kernel32.lib user32.lib gdi32.lib winspool.lib comdlg32.lib advapi32.lib shell32.lib ole32.lib oleaut32.lib uuid.lib odbc32.lib odbccp32.lib /MANIFEST /ManifestFile:"Debug\cls_pro.exe.intermediate.manifest" /MANIFESTUAC:"level='asInvoker' uiAccess='false'" /DEBUG /PDB:"C:\Users\li\Desktop\CN\asg\3\cls_pro\Debug\cls_pro.pdb" /SUBSYSTEM:CONSOLE /TLBID:1 /DYNAMICBASE /NXCOMPAT /IMPLIB:"C:\Users\li\Desktop\CN\asg\3\cls_pro\Debug\cls_pro.lib" /MACHINE:X86 Debug\cls_pro.exe.embed.manifest.res
         Debug\cls_pro.obj
         Debug\stdafx.obj
       Manifest:
         C:\Program Files (x86)\Microsoft SDKs\Windows\v7.0A\bin\mt.exe /nologo /verbose /out:"Debug\cls_pro.exe.embed.manifest" /manifest Debug\cls_pro.exe.intermediate.manifest
         所有输出均为最新。
       LinkEmbedManifest:
         所有输出均为最新。
         cls_pro.vcxproj -> C:\Users\li\Desktop\CN\asg\3\cls_pro\Debug\cls_pro.exe
       FinalizeBuildStatus:
         正在删除文件“Debug\cls_pro.unsuccessfulbuild”。
         正在对“Debug\cls_pro.lastbuildstate”执行 Touch 任务。
     1>已完成生成项目“C:\Users\li\Desktop\CN\asg\3\cls_pro\cls_pro\cls_pro.vcxproj”(build 个目标)的操作。

生成成功。

已用时间 00:00:01.78
